This file contains any messages produced by compilers while
running configure, to aid debugging if configure makes a mistake.

It was created by sphinxbase configure 5prealpha, which was
generated by GNU Autoconf 2.69.  Invocation command line was

  $ ./configure 

## --------- ##
## Platform. ##
## --------- ##

hostname = raspberrypi
uname -m = armv7l
uname -r = 4.9.59-v7+
uname -s = Linux
uname -v = #1047 SMP Sun Oct 29 12:19:23 GMT 2017

/usr/bin/uname -p = unknown
/bin/uname -X     = unknown

/bin/arch              = unknown
/usr/bin/arch -k       = unknown
/usr/convex/getsysinfo = unknown
/usr/bin/hostinfo      = unknown
/bin/machine           = unknown
/usr/bin/oslevel       = unknown
/bin/universe          = unknown

PATH: /home/pi/env/bin
PATH: /home/pi/bin
PATH: /usr/local/sbin
PATH: /usr/local/bin
PATH: /usr/sbin
PATH: /usr/bin
PATH: /sbin
PATH: /bin
PATH: /usr/local/games
PATH: /usr/games


## ----------- ##
## Core tests. ##
## ----------- ##

configure:2554: checking for a BSD-compatible install
configure:2622: result: /usr/bin/install -c
configure:2633: checking whether build environment is sane
configure:2688: result: yes
configure:2839: checking for a thread-safe mkdir -p
configure:2878: result: /bin/mkdir -p
configure:2885: checking for gawk
configure:2915: result: no
configure:2885: checking for mawk
configure:2901: found /usr/bin/mawk
configure:2912: result: mawk
configure:2923: checking whether make sets $(MAKE)
configure:2945: result: yes
configure:2974: checking whether make supports nested variables
configure:2991: result: yes
configure:3116: checking build system type
configure:3130: result: armv7l-unknown-linux-gnueabihf
configure:3150: checking host system type
configure:3163: result: armv7l-unknown-linux-gnueabihf
configure:3195: checking for style of include used by make
configure:3223: result: GNU
configure:3294: checking for gcc
configure:3310: found /usr/bin/gcc
configure:3321: result: gcc
configure:3550: checking for C compiler version
configure:3559: gcc --version >&5
gcc (Raspbian 6.3.0-18+rpi1) 6.3.0 20170516
Copyright (C) 2016 Free Software Foundation, Inc.
This is free software; see the source for copying conditions.  There is NO
warranty; not even for MERCHANTABILITY or FITNESS FOR A PARTICULAR PURPOSE.

configure:3570: $? = 0
configure:3559: gcc -v >&5
Using built-in specs.
COLLECT_GCC=gcc
COLLECT_LTO_WRAPPER=/usr/lib/gcc/arm-linux-gnueabihf/6/lto-wrapper
Target: arm-linux-gnueabihf
Configured with: ../src/configure -v --with-pkgversion='Raspbian 6.3.0-18+rpi1' --with-bugurl=file:///usr/share/doc/gcc-6/README.Bugs --enable-languages=c,ada,c++,java,go,d,fortran,objc,obj-c++ --prefix=/usr --program-suffix=-6 --program-prefix=arm-linux-gnueabihf- --enable-shared --enable-linker-build-id --libexecdir=/usr/lib --without-included-gettext --enable-threads=posix --libdir=/usr/lib --enable-nls --with-sysroot=/ --enable-clocale=gnu --enable-libstdcxx-debug --enable-libstdcxx-time=yes --with-default-libstdcxx-abi=new --enable-gnu-unique-object --disable-libitm --disable-libquadmath --enable-plugin --with-system-zlib --disable-browser-plugin --enable-java-awt=gtk --enable-gtk-cairo --with-java-home=/usr/lib/jvm/java-1.5.0-gcj-6-armhf/jre --enable-java-home --with-jvm-root-dir=/usr/lib/jvm/java-1.5.0-gcj-6-armhf --with-jvm-jar-dir=/usr/lib/jvm-exports/java-1.5.0-gcj-6-armhf --with-arch-directory=arm --with-ecj-jar=/usr/share/java/eclipse-ecj.jar --with-target-system-zlib --enable-objc-gc=auto --enable-multiarch --disable-sjlj-exceptions --with-arch=armv6 --with-fpu=vfp --with-float=hard --enable-checking=release --build=arm-linux-gnueabihf --host=arm-linux-gnueabihf --target=arm-linux-gnueabihf
Thread model: posix
gcc version 6.3.0 20170516 (Raspbian 6.3.0-18+rpi1) 
configure:3570: $? = 0
configure:3559: gcc -V >&5
gcc: error: unrecognized command line option '-V'
gcc: fatal error: no input files
compilation terminated.
configure:3570: $? = 1
configure:3559: gcc -qversion >&5
gcc: error: unrecognized command line option '-qversion'; did you mean '--version'?
gcc: fatal error: no input files
compilation terminated.
configure:3570: $? = 1
configure:3590: checking whether the C compiler works
configure:3612: gcc -g -O2 -Wall   conftest.c  >&5
configure:3616: $? = 0
configure:3664: result: yes
configure:3667: checking for C compiler default output file name
configure:3669: result: a.out
configure:3675: checking for suffix of executables
configure:3682: gcc -o conftest -g -O2 -Wall   conftest.c  >&5
configure:3686: $? = 0
configure:3708: result: 
configure:3730: checking whether we are cross compiling
configure:3738: gcc -o conftest -g -O2 -Wall   conftest.c  >&5
configure:3742: $? = 0
configure:3749: ./conftest
configure:3753: $? = 0
configure:3768: result: no
configure:3773: checking for suffix of object files
configure:3795: gcc -c -g -O2 -Wall  conftest.c >&5
configure:3799: $? = 0
configure:3820: result: o
configure:3824: checking whether we are using the GNU C compiler
configure:3843: gcc -c -g -O2 -Wall  conftest.c >&5
configure:3843: $? = 0
configure:3852: result: yes
configure:3861: checking whether gcc accepts -g
configure:3881: gcc -c -g  conftest.c >&5
configure:3881: $? = 0
configure:3922: result: yes
configure:3939: checking for gcc option to accept ISO C89
configure:4002: gcc  -c -g -O2 -Wall  conftest.c >&5
configure:4002: $? = 0
configure:4015: result: none needed
configure:4040: checking whether gcc understands -c and -o together
configure:4062: gcc -c conftest.c -o conftest2.o
configure:4065: $? = 0
configure:4062: gcc -c conftest.c -o conftest2.o
configure:4065: $? = 0
configure:4077: result: yes
configure:4096: checking dependency style of gcc
configure:4207: result: gcc3
configure:4223: checking for library containing strerror
configure:4254: gcc -o conftest -g -O2 -Wall   conftest.c  >&5
configure:4254: $? = 0
configure:4271: result: none required
configure:4327: checking for gcc
configure:4354: result: gcc
configure:4583: checking for C compiler version
configure:4592: gcc --version >&5
gcc (Raspbian 6.3.0-18+rpi1) 6.3.0 20170516
Copyright (C) 2016 Free Software Foundation, Inc.
This is free software; see the source for copying conditions.  There is NO
warranty; not even for MERCHANTABILITY or FITNESS FOR A PARTICULAR PURPOSE.

configure:4603: $? = 0
configure:4592: gcc -v >&5
Using built-in specs.
COLLECT_GCC=gcc
COLLECT_LTO_WRAPPER=/usr/lib/gcc/arm-linux-gnueabihf/6/lto-wrapper
Target: arm-linux-gnueabihf
Configured with: ../src/configure -v --with-pkgversion='Raspbian 6.3.0-18+rpi1' --with-bugurl=file:///usr/share/doc/gcc-6/README.Bugs --enable-languages=c,ada,c++,java,go,d,fortran,objc,obj-c++ --prefix=/usr --program-suffix=-6 --program-prefix=arm-linux-gnueabihf- --enable-shared --enable-linker-build-id --libexecdir=/usr/lib --without-included-gettext --enable-threads=posix --libdir=/usr/lib --enable-nls --with-sysroot=/ --enable-clocale=gnu --enable-libstdcxx-debug --enable-libstdcxx-time=yes --with-default-libstdcxx-abi=new --enable-gnu-unique-object --disable-libitm --disable-libquadmath --enable-plugin --with-system-zlib --disable-browser-plugin --enable-java-awt=gtk --enable-gtk-cairo --with-java-home=/usr/lib/jvm/java-1.5.0-gcj-6-armhf/jre --enable-java-home --with-jvm-root-dir=/usr/lib/jvm/java-1.5.0-gcj-6-armhf --with-jvm-jar-dir=/usr/lib/jvm-exports/java-1.5.0-gcj-6-armhf --with-arch-directory=arm --with-ecj-jar=/usr/share/java/eclipse-ecj.jar --with-target-system-zlib --enable-objc-gc=auto --enable-multiarch --disable-sjlj-exceptions --with-arch=armv6 --with-fpu=vfp --with-float=hard --enable-checking=release --build=arm-linux-gnueabihf --host=arm-linux-gnueabihf --target=arm-linux-gnueabihf
Thread model: posix
gcc version 6.3.0 20170516 (Raspbian 6.3.0-18+rpi1) 
configure:4603: $? = 0
configure:4592: gcc -V >&5
gcc: error: unrecognized command line option '-V'
gcc: fatal error: no input files
compilation terminated.
configure:4603: $? = 1
configure:4592: gcc -qversion >&5
gcc: error: unrecognized command line option '-qversion'; did you mean '--version'?
gcc: fatal error: no input files
compilation terminated.
configure:4603: $? = 1
configure:4607: checking whether we are using the GNU C compiler
configure:4635: result: yes
configure:4644: checking whether gcc accepts -g
configure:4705: result: yes
configure:4722: checking for gcc option to accept ISO C89
configure:4798: result: none needed
configure:4823: checking whether gcc understands -c and -o together
configure:4860: result: yes
configure:4879: checking dependency style of gcc
configure:4990: result: gcc3
configure:5009: checking for gcc option to accept ISO C99
configure:5158: gcc  -c -g -O2 -Wall  conftest.c >&5
conftest.c: In function 'test_varargs':
conftest.c:80:9: warning: variable 'fnumber' set but not used [-Wunused-but-set-variable]
   float fnumber;
         ^~~~~~~
conftest.c:79:7: warning: variable 'number' set but not used [-Wunused-but-set-variable]
   int number;
       ^~~~~~
conftest.c:78:15: warning: variable 'str' set but not used [-Wunused-but-set-variable]
   const char *str;
               ^~~
configure:5158: $? = 0
configure:5171: result: none needed
configure:5279: checking for gcc option to accept ISO Standard C
configure:5290: result: none needed
configure:5344: checking how to print strings
configure:5371: result: printf
configure:5392: checking for a sed that does not truncate output
configure:5456: result: /bin/sed
configure:5474: checking for grep that handles long lines and -e
configure:5532: result: /bin/grep
configure:5537: checking for egrep
configure:5599: result: /bin/grep -E
configure:5604: checking for fgrep
configure:5666: result: /bin/grep -F
configure:5701: checking for ld used by gcc
configure:5768: result: /usr/bin/ld
configure:5775: checking if the linker (/usr/bin/ld) is GNU ld
configure:5790: result: yes
configure:5802: checking for BSD- or MS-compatible name lister (nm)
configure:5856: result: /usr/bin/nm -B
configure:5986: checking the name lister (/usr/bin/nm -B) interface
configure:5993: gcc -c -g -O2 -Wall  conftest.c >&5
configure:5996: /usr/bin/nm -B "conftest.o"
configure:5999: output
00000000 B some_variable
configure:6006: result: BSD nm
configure:6009: checking whether ln -s works
configure:6013: result: yes
configure:6021: checking the maximum length of command line arguments
configure:6152: result: 1572864
configure:6200: checking how to convert armv7l-unknown-linux-gnueabihf file names to armv7l-unknown-linux-gnueabihf format
configure:6240: result: func_convert_file_noop
configure:6247: checking how to convert armv7l-unknown-linux-gnueabihf file names to toolchain format
configure:6267: result: func_convert_file_noop
configure:6274: checking for /usr/bin/ld option to reload object files
configure:6281: result: -r
configure:6355: checking for objdump
configure:6371: found /usr/bin/objdump
configure:6382: result: objdump
configure:6414: checking how to recognize dependent libraries
configure:6614: result: pass_all
configure:6699: checking for dlltool
configure:6729: result: no
configure:6759: checking how to associate runtime and link libraries
configure:6786: result: printf %s\n
configure:6846: checking for ar
configure:6862: found /usr/bin/ar
configure:6873: result: ar
configure:6910: checking for archiver @FILE support
configure:6927: gcc -c -g -O2 -Wall  conftest.c >&5
configure:6927: $? = 0
configure:6930: ar cru libconftest.a @conftest.lst >&5
ar: `u' modifier ignored since `D' is the default (see `U')
configure:6933: $? = 0
configure:6938: ar cru libconftest.a @conftest.lst >&5
ar: `u' modifier ignored since `D' is the default (see `U')
ar: conftest.o: No such file or directory
configure:6941: $? = 1
configure:6953: result: @
configure:7011: checking for strip
configure:7027: found /usr/bin/strip
configure:7038: result: strip
configure:7110: checking for ranlib
configure:7126: found /usr/bin/ranlib
configure:7137: result: ranlib
configure:7239: checking command to parse /usr/bin/nm -B output from gcc object
configure:7392: gcc -c -g -O2 -Wall  conftest.c >&5
configure:7395: $? = 0
configure:7399: /usr/bin/nm -B conftest.o \| sed -n -e 's/^.*[ ]\([ABCDGIRSTW][ABCDGIRSTW]*\)[ ][ ]*\([_A-Za-z][_A-Za-z0-9]*\)$/\1 \2 \2/p' | sed '/ __gnu_lto/d' \> conftest.nm
configure:7402: $? = 0
configure:7468: gcc -o conftest -g -O2 -Wall   conftest.c conftstm.o >&5
configure:7471: $? = 0
configure:7509: result: ok
configure:7556: checking for sysroot
configure:7586: result: no
configure:7593: checking for a working dd
configure:7631: result: /bin/dd
configure:7635: checking how to truncate binary pipes
configure:7650: result: /bin/dd bs=4096 count=1
configure:7979: checking for mt
configure:7995: found /bin/mt
configure:8006: result: mt
configure:8029: checking if mt is a manifest tool
configure:8035: mt '-?'
configure:8043: result: no
configure:8720: checking how to run the C preprocessor
configure:8751: gcc -E  conftest.c
configure:8751: $? = 0
configure:8765: gcc -E  conftest.c
conftest.c:9:28: fatal error: ac_nonexistent.h: No such file or directory
 #include <ac_nonexistent.h>
                            ^
compilation terminated.
configure:8765: $? = 1
configure: failed program was:
| /* confdefs.h */
| #define PACKAGE_NAME "sphinxbase"
| #define PACKAGE_TARNAME "sphinxbase"
| #define PACKAGE_VERSION "5prealpha"
| #define PACKAGE_STRING "sphinxbase 5prealpha"
| #define PACKAGE_BUGREPORT ""
| #define PACKAGE_URL ""
| /* end confdefs.h.  */
| #include <ac_nonexistent.h>
configure:8790: result: gcc -E
configure:8810: gcc -E  conftest.c
configure:8810: $? = 0
configure:8824: gcc -E  conftest.c
conftest.c:9:28: fatal error: ac_nonexistent.h: No such file or directory
 #include <ac_nonexistent.h>
                            ^
compilation terminated.
configure:8824: $? = 1
configure: failed program was:
| /* confdefs.h */
| #define PACKAGE_NAME "sphinxbase"
| #define PACKAGE_TARNAME "sphinxbase"
| #define PACKAGE_VERSION "5prealpha"
| #define PACKAGE_STRING "sphinxbase 5prealpha"
| #define PACKAGE_BUGREPORT ""
| #define PACKAGE_URL ""
| /* end confdefs.h.  */
| #include <ac_nonexistent.h>
configure:8853: checking for ANSI C header files
configure:8873: gcc -c -g -O2 -Wall  conftest.c >&5
configure:8873: $? = 0
configure:8946: gcc -o conftest -g -O2 -Wall   conftest.c  >&5
configure:8946: $? = 0
configure:8946: ./conftest
configure:8946: $? = 0
configure:8957: result: yes
configure:8970: checking for sys/types.h
configure:8970: gcc -c -g -O2 -Wall  conftest.c >&5
configure:8970: $? = 0
configure:8970: result: yes
configure:8970: checking for sys/stat.h
configure:8970: gcc -c -g -O2 -Wall  conftest.c >&5
configure:8970: $? = 0
configure:8970: result: yes
configure:8970: checking for stdlib.h
configure:8970: gcc -c -g -O2 -Wall  conftest.c >&5
configure:8970: $? = 0
configure:8970: result: yes
configure:8970: checking for string.h
configure:8970: gcc -c -g -O2 -Wall  conftest.c >&5
configure:8970: $? = 0
configure:8970: result: yes
configure:8970: checking for memory.h
configure:8970: gcc -c -g -O2 -Wall  conftest.c >&5
configure:8970: $? = 0
configure:8970: result: yes
configure:8970: checking for strings.h
configure:8970: gcc -c -g -O2 -Wall  conftest.c >&5
configure:8970: $? = 0
configure:8970: result: yes
configure:8970: checking for inttypes.h
configure:8970: gcc -c -g -O2 -Wall  conftest.c >&5
configure:8970: $? = 0
configure:8970: result: yes
configure:8970: checking for stdint.h
configure:8970: gcc -c -g -O2 -Wall  conftest.c >&5
configure:8970: $? = 0
configure:8970: result: yes
configure:8970: checking for unistd.h
configure:8970: gcc -c -g -O2 -Wall  conftest.c >&5
configure:8970: $? = 0
configure:8970: result: yes
configure:8984: checking for dlfcn.h
configure:8984: gcc -c -g -O2 -Wall  conftest.c >&5
configure:8984: $? = 0
configure:8984: result: yes
configure:9240: checking for objdir
configure:9255: result: .libs
configure:9519: checking if gcc supports -fno-rtti -fno-exceptions
configure:9537: gcc -c -g -O2 -Wall  -fno-rtti -fno-exceptions conftest.c >&5
cc1: warning: command line option '-fno-rtti' is valid for C++/ObjC++ but not for C
configure:9541: $? = 0
configure:9554: result: no
configure:9912: checking for gcc option to produce PIC
configure:9919: result: -fPIC -DPIC
configure:9927: checking if gcc PIC flag -fPIC -DPIC works
configure:9945: gcc -c -g -O2 -Wall  -fPIC -DPIC -DPIC conftest.c >&5
configure:9949: $? = 0
configure:9962: result: yes
configure:9991: checking if gcc static flag -static works
configure:10019: result: yes
configure:10034: checking if gcc supports -c -o file.o
configure:10055: gcc -c -g -O2 -Wall  -o out/conftest2.o conftest.c >&5
configure:10059: $? = 0
configure:10081: result: yes
configure:10089: checking if gcc supports -c -o file.o
configure:10136: result: yes
configure:10169: checking whether the gcc linker (/usr/bin/ld) supports shared libraries
configure:11432: result: yes
configure:11469: checking whether -lc should be explicitly linked in
configure:11477: gcc -c -g -O2 -Wall  conftest.c >&5
configure:11480: $? = 0
configure:11495: gcc -shared  -fPIC -DPIC conftest.o  -v -Wl,-soname -Wl,conftest -o conftest 2\>\&1 \| /bin/grep  -lc  \>/dev/null 2\>\&1
configure:11498: $? = 0
configure:11512: result: no
configure:11672: checking dynamic linker characteristics
configure:12253: gcc -o conftest -g -O2 -Wall   -Wl,-rpath -Wl,/foo conftest.c  >&5
configure:12253: $? = 0
configure:12502: result: GNU/Linux ld.so
configure:12624: checking how to hardcode library paths into programs
configure:12649: result: immediate
configure:13197: checking whether stripping libraries is possible
configure:13202: result: yes
configure:13237: checking if libtool supports shared libraries
configure:13239: result: yes
configure:13242: checking whether to build shared libraries
configure:13267: result: yes
configure:13270: checking whether to build static libraries
configure:13274: result: yes
configure:13316: checking for bison
configure:13344: result: no
configure:13354: error: You need to install bison

## ---------------- ##
## Cache variables. ##
## ---------------- ##

ac_cv_build=armv7l-unknown-linux-gnueabihf
ac_cv_c_compiler_gnu=yes
ac_cv_env_CC_set=
ac_cv_env_CC_value=
ac_cv_env_CFLAGS_set=
ac_cv_env_CFLAGS_value=
ac_cv_env_CPPFLAGS_set=
ac_cv_env_CPPFLAGS_value=
ac_cv_env_CPP_set=
ac_cv_env_CPP_value=
ac_cv_env_LDFLAGS_set=
ac_cv_env_LDFLAGS_value=
ac_cv_env_LIBS_set=
ac_cv_env_LIBS_value=
ac_cv_env_LT_SYS_LIBRARY_PATH_set=
ac_cv_env_LT_SYS_LIBRARY_PATH_value=
ac_cv_env_PYTHON_VERSION_set=
ac_cv_env_PYTHON_VERSION_value=
ac_cv_env_PYTHON_set=
ac_cv_env_PYTHON_value=
ac_cv_env_YACC_set=
ac_cv_env_YACC_value=
ac_cv_env_build_alias_set=
ac_cv_env_build_alias_value=
ac_cv_env_host_alias_set=
ac_cv_env_host_alias_value=
ac_cv_env_target_alias_set=
ac_cv_env_target_alias_value=
ac_cv_header_dlfcn_h=yes
ac_cv_header_inttypes_h=yes
ac_cv_header_memory_h=yes
ac_cv_header_stdc=yes
ac_cv_header_stdint_h=yes
ac_cv_header_stdlib_h=yes
ac_cv_header_string_h=yes
ac_cv_header_strings_h=yes
ac_cv_header_sys_stat_h=yes
ac_cv_header_sys_types_h=yes
ac_cv_header_unistd_h=yes
ac_cv_host=armv7l-unknown-linux-gnueabihf
ac_cv_objext=o
ac_cv_path_EGREP='/bin/grep -E'
ac_cv_path_FGREP='/bin/grep -F'
ac_cv_path_GREP=/bin/grep
ac_cv_path_SED=/bin/sed
ac_cv_path_install='/usr/bin/install -c'
ac_cv_path_lt_DD=/bin/dd
ac_cv_path_mkdir=/bin/mkdir
ac_cv_prog_AWK=mawk
ac_cv_prog_CPP='gcc -E'
ac_cv_prog_YACC=no
ac_cv_prog_ac_ct_AR=ar
ac_cv_prog_ac_ct_CC=gcc
ac_cv_prog_ac_ct_MANIFEST_TOOL=mt
ac_cv_prog_ac_ct_OBJDUMP=objdump
ac_cv_prog_ac_ct_RANLIB=ranlib
ac_cv_prog_ac_ct_STRIP=strip
ac_cv_prog_cc_c89=
ac_cv_prog_cc_c99=
ac_cv_prog_cc_g=yes
ac_cv_prog_cc_stdc=
ac_cv_prog_make_make_set=yes
ac_cv_search_strerror='none required'
am_cv_CC_dependencies_compiler_type=gcc3
am_cv_make_support_nested_variables=yes
am_cv_prog_cc_c_o=yes
lt_cv_ar_at_file=@
lt_cv_archive_cmds_need_lc=no
lt_cv_deplibs_check_method=pass_all
lt_cv_file_magic_cmd='$MAGIC_CMD'
lt_cv_file_magic_test_file=
lt_cv_ld_reload_flag=-r
lt_cv_nm_interface='BSD nm'
lt_cv_objdir=.libs
lt_cv_path_LD=/usr/bin/ld
lt_cv_path_NM='/usr/bin/nm -B'
lt_cv_path_mainfest_tool=no
lt_cv_prog_compiler_c_o=yes
lt_cv_prog_compiler_pic='-fPIC -DPIC'
lt_cv_prog_compiler_pic_works=yes
lt_cv_prog_compiler_rtti_exceptions=no
lt_cv_prog_compiler_static_works=yes
lt_cv_prog_gnu_ld=yes
lt_cv_sharedlib_from_linklib_cmd='printf %s\n'
lt_cv_shlibpath_overrides_runpath=no
lt_cv_sys_global_symbol_pipe='sed -n -e '\''s/^.*[	 ]\([ABCDGIRSTW][ABCDGIRSTW]*\)[	 ][	 ]*\([_A-Za-z][_A-Za-z0-9]*\)$/\1 \2 \2/p'\'' | sed '\''/ __gnu_lto/d'\'''
lt_cv_sys_global_symbol_to_c_name_address='sed -n -e '\''s/^: \(.*\) .*$/  {"\1", (void *) 0},/p'\'' -e '\''s/^[ABCDGIRSTW][ABCDGIRSTW]* .* \(.*\)$/  {"\1", (void *) \&\1},/p'\'''
lt_cv_sys_global_symbol_to_c_name_address_lib_prefix='sed -n -e '\''s/^: \(.*\) .*$/  {"\1", (void *) 0},/p'\'' -e '\''s/^[ABCDGIRSTW][ABCDGIRSTW]* .* \(lib.*\)$/  {"\1", (void *) \&\1},/p'\'' -e '\''s/^[ABCDGIRSTW][ABCDGIRSTW]* .* \(.*\)$/  {"lib\1", (void *) \&\1},/p'\'''
lt_cv_sys_global_symbol_to_cdecl='sed -n -e '\''s/^T .* \(.*\)$/extern int \1();/p'\'' -e '\''s/^[ABCDGIRSTW][ABCDGIRSTW]* .* \(.*\)$/extern char \1;/p'\'''
lt_cv_sys_global_symbol_to_import=
lt_cv_sys_max_cmd_len=1572864
lt_cv_to_host_file_cmd=func_convert_file_noop
lt_cv_to_tool_file_cmd=func_convert_file_noop
lt_cv_truncate_bin='/bin/dd bs=4096 count=1'

## ----------------- ##
## Output variables. ##
## ----------------- ##

ACLOCAL='${SHELL} /home/pi/Desktop/Ilana/src/sphinxbase/missing aclocal-1.15'
AMDEPBACKSLASH='\'
AMDEP_FALSE='#'
AMDEP_TRUE=''
AMTAR='$${TAR-tar}'
AM_BACKSLASH='\'
AM_DEFAULT_V='$(AM_DEFAULT_VERBOSITY)'
AM_DEFAULT_VERBOSITY='1'
AM_V='$(V)'
AR='ar'
AUTOCONF='${SHELL} /home/pi/Desktop/Ilana/src/sphinxbase/missing autoconf'
AUTOHEADER='${SHELL} /home/pi/Desktop/Ilana/src/sphinxbase/missing autoheader'
AUTOMAKE='${SHELL} /home/pi/Desktop/Ilana/src/sphinxbase/missing automake-1.15'
AWK='mawk'
BUILD_DOXYGEN_FALSE=''
BUILD_DOXYGEN_TRUE=''
BUILD_SWIG_FALSE=''
BUILD_SWIG_TRUE=''
CC='gcc'
CCDEPMODE='depmode=gcc3'
CFLAGS='-g -O2 -Wall'
CPP='gcc -E'
CPPFLAGS=''
CYGPATH_W='echo'
DEFS=''
DEPDIR='.deps'
DLLTOOL='false'
DSYMUTIL=''
DUMPBIN=''
ECHO_C=''
ECHO_N='-n'
ECHO_T=''
EGREP='/bin/grep -E'
EXEEXT=''
FGREP='/bin/grep -F'
FIXED_POINT_FALSE=''
FIXED_POINT_TRUE=''
GREP='/bin/grep'
HAVE_DOXYGEN=''
INSTALL_DATA='${INSTALL} -m 644'
INSTALL_PROGRAM='${INSTALL}'
INSTALL_SCRIPT='${INSTALL}'
INSTALL_STRIP_PROGRAM='$(install_sh) -c -s'
LAPACK_LITE_FALSE=''
LAPACK_LITE_TRUE=''
LD='/usr/bin/ld'
LDFLAGS=''
LIBOBJS=''
LIBS=''
LIBTOOL='$(SHELL) $(top_builddir)/libtool'
LIPO=''
LN_S='ln -s'
LTLIBOBJS=''
LT_SYS_LIBRARY_PATH=''
MAKEINFO='${SHELL} /home/pi/Desktop/Ilana/src/sphinxbase/missing makeinfo'
MANIFEST_TOOL=':'
MKDIR_P='/bin/mkdir -p'
NM='/usr/bin/nm -B'
NMEDIT=''
OBJDUMP='objdump'
OBJEXT='o'
OTOOL64=''
OTOOL=''
PACKAGE='sphinxbase'
PACKAGE_BUGREPORT=''
PACKAGE_NAME='sphinxbase'
PACKAGE_STRING='sphinxbase 5prealpha'
PACKAGE_TARNAME='sphinxbase'
PACKAGE_URL=''
PACKAGE_VERSION='5prealpha'
PATH_SEPARATOR=':'
PYTHON=''
PYTHON_CPPFLAGS=''
PYTHON_EXEC_PREFIX=''
PYTHON_EXTRA_LDFLAGS=''
PYTHON_EXTRA_LIBS=''
PYTHON_LDFLAGS=''
PYTHON_PLATFORM=''
PYTHON_PREFIX=''
PYTHON_SITE_PKG=''
PYTHON_VERSION=''
RANLIB='ranlib'
SED='/bin/sed'
SET_MAKE=''
SHELL='/bin/bash'
STRIP='strip'
SWIG=''
SWIG_LIB=''
USE_LAPACK_FALSE=''
USE_LAPACK_TRUE=''
USE_THREADS_FALSE=''
USE_THREADS_TRUE=''
VERSION='5prealpha'
YACC='no'
ac_ct_AR='ar'
ac_ct_CC='gcc'
ac_ct_DUMPBIN=''
ad_cppflags=''
ad_files=''
ad_libs=''
am__EXEEXT_FALSE=''
am__EXEEXT_TRUE=''
am__fastdepCC_FALSE='#'
am__fastdepCC_TRUE=''
am__include='include'
am__isrc=''
am__leading_dot='.'
am__nodep='_no'
am__quote=''
am__tar='$${TAR-tar} chof - "$$tardir"'
am__untar='$${TAR-tar} xf -'
bindir='${exec_prefix}/bin'
build='armv7l-unknown-linux-gnueabihf'
build_alias=''
build_cpu='armv7l'
build_os='linux-gnueabihf'
build_vendor='unknown'
datadir='${datarootdir}'
datarootdir='${prefix}/share'
docdir='${datarootdir}/doc/${PACKAGE_TARNAME}'
dvidir='${docdir}'
exec_prefix='NONE'
host='armv7l-unknown-linux-gnueabihf'
host_alias=''
host_cpu='armv7l'
host_os='linux-gnueabihf'
host_vendor='unknown'
htmldir='${docdir}'
includedir='${prefix}/include'
infodir='${datarootdir}/info'
install_sh='${SHELL} /home/pi/Desktop/Ilana/src/sphinxbase/install-sh'
libdir='${exec_prefix}/lib'
libexecdir='${exec_prefix}/libexec'
localedir='${datarootdir}/locale'
localstatedir='${prefix}/var'
mandir='${datarootdir}/man'
mkdir_p='$(MKDIR_P)'
oldincludedir='/usr/include'
pdfdir='${docdir}'
pkgpyexecdir=''
pkgpythondir=''
prefix='NONE'
program_transform_name='s,x,x,'
psdir='${docdir}'
pyexecdir=''
pythondir=''
runstatedir='${localstatedir}/run'
sbindir='${exec_prefix}/sbin'
sharedstatedir='${prefix}/com'
sysconfdir='${prefix}/etc'
target_alias=''

## ----------- ##
## confdefs.h. ##
## ----------- ##

/* confdefs.h */
#define PACKAGE_NAME "sphinxbase"
#define PACKAGE_TARNAME "sphinxbase"
#define PACKAGE_VERSION "5prealpha"
#define PACKAGE_STRING "sphinxbase 5prealpha"
#define PACKAGE_BUGREPORT ""
#define PACKAGE_URL ""
#define STDC_HEADERS 1
#define HAVE_SYS_TYPES_H 1
#define HAVE_SYS_STAT_H 1
#define HAVE_STDLIB_H 1
#define HAVE_STRING_H 1
#define HAVE_MEMORY_H 1
#define HAVE_STRINGS_H 1
#define HAVE_INTTYPES_H 1
#define HAVE_STDINT_H 1
#define HAVE_UNISTD_H 1
#define HAVE_DLFCN_H 1
#define LT_OBJDIR ".libs/"

configure: exit 1
